<?xml version="1.0" encoding="UTF-8"?>
<testsuite name="HealthControllerTest" tests="1" time="0.000258" failures="0" errors="0" skipped="0" assertions="1" timestamp="2017-12-16T00:59:42+09:00">
  <testcase name="test_should_get_index" time="0.5640399999683723" assertions="1">
  </testcase>
</testsuite>
